<?xml version="1.0" encoding="UTF-8"?>
<!-- Generated by org.testng.reporters.JUnitReportReporter -->
<testsuite hostname="Mrprajapati" failures="0" tests="2" name="TestNG_Day_2.AnnotationDemo_1" time="0.013" errors="0" timestamp="2024-12-28T16:25:21 IST" skipped="0">
  <testcase classname="TestNG_Day_2.AnnotationDemo_1" name="search" time="0.010"/>
  <system-out/>
  <testcase classname="TestNG_Day_2.AnnotationDemo_1" name="advSearch" time="0.003"/>
  <system-out/>
</testsuite> <!-- TestNG_Day_2.AnnotationDemo_1 -->
