<?xml version="1.0" encoding="UTF-8"?>
<!-- Generated by org.testng.reporters.JUnitReportReporter -->
<testsuite hostname="Mrprajapati" failures="0" tests="1" name="TestNG_Day_3.SimpleTest" time="0.011" errors="0" timestamp="2024-12-28T16:55:11 IST" skipped="0">
  <testcase classname="TestNG_Day_3.SimpleTest" name="mainTest" time="0.011"/>
  <system-out/>
</testsuite> <!-- TestNG_Day_3.SimpleTest -->
