<?xml version="1.0" encoding="UTF-8"?>
<!-- Generated by org.testng.reporters.JUnitReportReporter -->
<testsuite hostname="Mrprajapati" failures="0" tests="1" name="TestNG_Day_3.Annotation.Assertion" time="0.020" errors="0" timestamp="2025-01-11T17:07:24 IST" skipped="0">
  <testcase classname="TestNG_Day_3.Annotation.Assertion" name="testTitle" time="0.020"/>
  <system-out/>
</testsuite> <!-- TestNG_Day_3.Annotation.Assertion -->
