<?xml version="1.0" encoding="UTF-8"?>
<!-- Generated by org.testng.reporters.JUnitReportReporter -->
<testsuite hostname="Mrprajapati" failures="0" tests="3" name="TestNg_Day_6.Dependencymethods.paymentTests" time="0.003" errors="0" timestamp="2025-01-12T01:21:45 IST" skipped="0">
  <testcase classname="TestNg_Day_6.Dependencymethods.paymentTests" name="PaymentinRupees" time="0.002"/>
  <system-out/>
  <testcase classname="TestNg_Day_6.Dependencymethods.paymentTests" name="PaymentinDoller" time="0.000"/>
  <system-out/>
  <testcase classname="TestNg_Day_6.Dependencymethods.paymentTests" name="PaymentinYens" time="0.001"/>
  <system-out/>
</testsuite> <!-- TestNg_Day_6.Dependencymethods.paymentTests -->
