<?xml version="1.0" encoding="UTF-8"?>
<!-- Generated by org.testng.reporters.JUnitReportReporter -->
<testsuite hostname="Mrprajapati" failures="0" tests="4" name="TestNG_Day_4.Priority.Sample1" time="0.017" errors="0" timestamp="2025-01-07T16:20:45 IST" skipped="0">
  <testcase classname="TestNG_Day_4.Priority.Sample1" name="login" time="0.013"/>
  <system-out/>
  <testcase classname="TestNG_Day_4.Priority.Sample1" name="home" time="0.001"/>
  <system-out/>
  <testcase classname="TestNG_Day_4.Priority.Sample1" name="searchProduct" time="0.001"/>
  <system-out/>
  <testcase classname="TestNG_Day_4.Priority.Sample1" name="addToCart" time="0.002"/>
  <system-out/>
</testsuite> <!-- TestNG_Day_4.Priority.Sample1 -->
