<?xml version="1.0" encoding="UTF-8"?>
<!-- Generated by org.testng.reporters.JUnitReportReporter -->
<testsuite hostname="Mrprajapati" failures="0" tests="3" name="TestNg_Day_6.Dependencymethods.loginTest" time="0.019" errors="0" timestamp="2025-01-12T01:21:45 IST" skipped="0">
  <testcase classname="TestNg_Day_6.Dependencymethods.loginTest" name="loginByEmail" time="0.015"/>
  <system-out/>
  <testcase classname="TestNg_Day_6.Dependencymethods.loginTest" name="loginByFacebook" time="0.001"/>
  <system-out/>
  <testcase classname="TestNg_Day_6.Dependencymethods.loginTest" name="loginByTwitter" time="0.003"/>
  <system-out/>
</testsuite> <!-- TestNg_Day_6.Dependencymethods.loginTest -->
