<?xml version="1.0" encoding="UTF-8"?>
<!-- Generated by org.testng.reporters.JUnitReportReporter -->
<testsuite hostname="Mrprajapati" failures="0" tests="1" name="TestNG_Day_3.Annotation.Sample_2" time="0.014" errors="0" timestamp="2024-12-28T17:55:17 IST" skipped="0">
  <testcase classname="TestNG_Day_3.Annotation.Sample_2" name="xyz" time="0.014"/>
  <system-out/>
</testsuite> <!-- TestNG_Day_3.Annotation.Sample_2 -->
