<?xml version="1.0" encoding="UTF-8"?>
<!-- Generated by org.testng.reporters.JUnitReportReporter -->
<testsuite hostname="Mrprajapati" failures="0" tests="1" name="TestNG_Day_5.Assertions.softAssertion" time="0.040" errors="0" timestamp="2025-01-11T18:30:22 IST" skipped="0">
  <testcase classname="TestNG_Day_5.Assertions.softAssertion" name="test_Softassertion" time="0.040"/>
  <system-out/>
</testsuite> <!-- TestNG_Day_5.Assertions.softAssertion -->
