<?xml version="1.0" encoding="UTF-8"?>
<!-- Generated by org.testng.reporters.JUnitReportReporter -->
<testsuite hostname="Mrprajapati" failures="0" tests="1" name="TestNG_Day_3.Annotation.Sample_1" time="0.009" errors="0" timestamp="2024-12-28T17:47:28 IST" skipped="0">
  <testcase classname="TestNG_Day_3.Annotation.Sample_1" name="abc" time="0.009"/>
  <system-out/>
</testsuite> <!-- TestNG_Day_3.Annotation.Sample_1 -->
