<?xml version="1.0" encoding="UTF-8"?>
<!-- Generated by org.testng.reporters.JUnitReportReporter -->
<testsuite hostname="Mrprajapati" failures="0" tests="4" name="TestNG_Day_1.OrangeHRM" time="9.883" errors="0" timestamp="2024-12-28T16:33:01 IST" skipped="0">
  <testcase classname="TestNG_Day_1.OrangeHRM" name="openapp" time="6.030"/>
  <system-out/>
  <testcase classname="TestNG_Day_1.OrangeHRM" name="testlogopresence" time="3.071"/>
  <system-out/>
  <testcase classname="TestNG_Day_1.OrangeHRM" name="testLogin" time="0.425"/>
  <system-out/>
  <testcase classname="TestNG_Day_1.OrangeHRM" name="close" time="0.357"/>
  <system-out/>
</testsuite> <!-- TestNG_Day_1.OrangeHRM -->
