<?xml version="1.0" encoding="UTF-8"?>
<!-- Generated by org.testng.reporters.JUnitReportReporter -->
<testsuite hostname="Mrprajapati" failures="0" tests="3" name="TestNg_Day_6.Dependencymethods.signUpTest" time="0.006" errors="0" timestamp="2025-01-12T01:21:45 IST" skipped="0">
  <testcase classname="TestNg_Day_6.Dependencymethods.signUpTest" name="signupByEmail" time="0.002"/>
  <system-out/>
  <testcase classname="TestNg_Day_6.Dependencymethods.signUpTest" name="singupByFacebook" time="0.002"/>
  <system-out/>
  <testcase classname="TestNg_Day_6.Dependencymethods.signUpTest" name="signupByTwitter" time="0.002"/>
  <system-out/>
</testsuite> <!-- TestNg_Day_6.Dependencymethods.signUpTest -->
