<?xml version="1.0" encoding="UTF-8"?>
<!-- Generated by org.testng.reporters.JUnitReportReporter -->
<testsuite hostname="Mrprajapati" failures="0" tests="2" name="TestNG_Day_3.Annotation.AllAnnotations" time="0.010" errors="0" timestamp="2025-01-11T16:51:33 IST" skipped="0">
  <testcase classname="TestNG_Day_3.Annotation.AllAnnotations" name="tm1" time="0.008"/>
  <system-out/>
  <testcase classname="TestNG_Day_3.Annotation.AllAnnotations" name="tm2" time="0.002"/>
  <system-out/>
</testsuite> <!-- TestNG_Day_3.Annotation.AllAnnotations -->
