<?xml version="1.0" encoding="UTF-8"?>
<!-- Generated by org.testng.reporters.JUnitReportReporter -->
<testsuite hostname="Mrprajapati" failures="0" tests="9" name="TestNG_Day_7.Dataprovider.ParaTest" time="0.252" errors="0" timestamp="2025-01-13T16:43:12 IST" skipped="0">
  <testcase classname="TestNG_Day_7.Dataprovider.ParaTest" name="testLogo" time="0.063"/>
  <system-out/>
  <testcase classname="TestNG_Day_7.Dataprovider.ParaTest" name="testLogo" time="0.066"/>
  <system-out/>
  <testcase classname="TestNG_Day_7.Dataprovider.ParaTest" name="testLogo" time="0.038"/>
  <system-out/>
  <testcase classname="TestNG_Day_7.Dataprovider.ParaTest" name="testTitle" time="0.021"/>
  <system-out/>
  <testcase classname="TestNG_Day_7.Dataprovider.ParaTest" name="testTitle" time="0.009"/>
  <system-out/>
  <testcase classname="TestNG_Day_7.Dataprovider.ParaTest" name="testTitle" time="0.019"/>
  <system-out/>
  <testcase classname="TestNG_Day_7.Dataprovider.ParaTest" name="testURL" time="0.007"/>
  <system-out/>
  <testcase classname="TestNG_Day_7.Dataprovider.ParaTest" name="testURL" time="0.014"/>
  <system-out/>
  <testcase classname="TestNG_Day_7.Dataprovider.ParaTest" name="testURL" time="0.015"/>
  <system-out/>
</testsuite> <!-- TestNG_Day_7.Dataprovider.ParaTest -->
