<?xml version="1.0" encoding="UTF-8"?>
<!-- Generated by org.testng.reporters.JUnitReportReporter -->
<testsuite hostname="Mrprajapati" failures="0" tests="3" name="TestNG_Day_4.Priority.Sample3" time="0.015" errors="0" timestamp="2025-01-07T16:42:16 IST" skipped="0">
  <testcase classname="TestNG_Day_4.Priority.Sample3" name="login" time="0.001"/>
  <system-out/>
  <testcase classname="TestNG_Day_4.Priority.Sample3" name="registerPage" time="0.012"/>
  <system-out/>
  <testcase classname="TestNG_Day_4.Priority.Sample3" name="homePage" time="0.002"/>
  <system-out/>
</testsuite> <!-- TestNG_Day_4.Priority.Sample3 -->
