<?xml version="1.0" encoding="UTF-8"?>
<!-- Generated by org.testng.reporters.JUnitReportReporter -->
<testsuite hostname="Mrprajapati" failures="0" tests="5" name="TestNG_Day_4.Priority.Sample2" time="0.020" errors="0" timestamp="2025-01-07T16:31:36 IST" skipped="0">
  <testcase classname="TestNG_Day_4.Priority.Sample2" name="xyz" time="0.013"/>
  <system-out/>
  <testcase classname="TestNG_Day_4.Priority.Sample2" name="abc" time="0.002"/>
  <system-out/>
  <testcase classname="TestNG_Day_4.Priority.Sample2" name="xvg" time="0.002"/>
  <system-out/>
  <testcase classname="TestNG_Day_4.Priority.Sample2" name="pqr" time="0.001"/>
  <system-out/>
  <testcase classname="TestNG_Day_4.Priority.Sample2" name="stv" time="0.002"/>
  <system-out/>
</testsuite> <!-- TestNG_Day_4.Priority.Sample2 -->
