<?xml version="1.0" encoding="UTF-8"?>
<!-- Generated by org.testng.reporters.JUnitReportReporter -->
<testsuite hostname="Mrprajapati" failures="0" tests="2" name="TestNG_Day_2.AnnotationDemo_1" time="0.011" errors="0" timestamp="2024-11-05T19:17:13 IST" skipped="0">
  <testcase classname="TestNG_Day_2.AnnotationDemo_1" name="search" time="0.009"/>
  <system-out/>
  <testcase classname="TestNG_Day_2.AnnotationDemo_1" name="advSearch" time="0.002"/>
  <system-out/>
</testsuite> <!-- TestNG_Day_2.AnnotationDemo_1 -->
