<?xml version="1.0" encoding="UTF-8"?>
<!-- Generated by org.testng.reporters.JUnitReportReporter -->
<testsuite hostname="Mrprajapati" failures="0" tests="2" name="TestNG_Day_2.AnnotationsDemo" time="0.026" errors="0" timestamp="2024-11-05T18:53:03 IST" skipped="0">
  <testcase classname="TestNG_Day_2.AnnotationsDemo" name="advancedseach" time="0.023"/>
  <system-out/>
  <testcase classname="TestNG_Day_2.AnnotationsDemo" name="search" time="0.003"/>
  <system-out/>
</testsuite> <!-- TestNG_Day_2.AnnotationsDemo -->
