<?xml version="1.0" encoding="UTF-8"?>
<!-- Generated by org.testng.reporters.JUnitReportReporter -->
<testsuite hostname="Mrprajapati" failures="0" tests="3" name="TestNG_Day_1.FirstTestcase" time="0.019" errors="0" timestamp="2024-12-24T18:07:05 IST" skipped="0">
  <testcase classname="TestNG_Day_1.FirstTestcase" name="openApp" time="0.016"/>
  <system-out/>
  <testcase classname="TestNG_Day_1.FirstTestcase" name="logIn" time="0.002"/>
  <system-out/>
  <testcase classname="TestNG_Day_1.FirstTestcase" name="logOut" time="0.001"/>
  <system-out/>
</testsuite> <!-- TestNG_Day_1.FirstTestcase -->
